# JRE version: OpenJDK Runtime Environment (8.0_242-b01) (build 1.8.0_242-release-1644-b01)
# Java VM: OpenJDK 64-Bit Server VM (25.242-b01 mixed mode windows-amd64 compressed oops)
Heap:
 PSYoungGen      total 543232K, used 285822K [0x00000000d5580000, 0x00000000ffe80000, 0x0000000100000000)
  eden space 427520K, 48% used [0x00000000d5580000,0x00000000e1f52bc8,0x00000000ef700000)
  from space 115712K, 68% used [0x00000000ef700000,0x00000000f444cf08,0x00000000f6800000)
  to   space 120832K, 0% used [0x00000000f8880000,0x00000000f8880000,0x00000000ffe80000)
 ParOldGen       total 435712K, used 118107K [0x0000000080000000, 0x000000009a980000, 0x00000000d5580000)
  object space 435712K, 27% used [0x0000000080000000,0x0000000087356f10,0x000000009a980000)
 Metaspace       used 186313K, capacity 197500K, committed 197656K, reserved 1220608K
  class space    used 24350K, capacity 26656K, committed 26672K, reserved 1048576K
GC Heap History (10 events):
Event: 2522.707 GC heap before
{Heap before GC invocations=28 (full 5):
 PSYoungGen      total 485376K, used 451082K [0x00000000d5580000, 0x00000000f7f00000, 0x0000000100000000)
  eden space 413184K, 100% used [0x00000000d5580000,0x00000000ee900000,0x00000000ee900000)
  from space 72192K, 52% used [0x00000000f3880000,0x00000000f5d828a8,0x00000000f7f00000)
  to   space 76800K, 0% used [0x00000000ee900000,0x00000000ee900000,0x00000000f3400000)
 ParOldGen       total 435712K, used 100208K [0x0000000080000000, 0x000000009a980000, 0x00000000d5580000)
  object space 435712K, 22% used [0x0000000080000000,0x00000000861dc310,0x000000009a980000)
 Metaspace       used 163604K, capacity 171444K, committed 171672K, reserved 1198080K
  class space    used 21545K, capacity 23166K, committed 23216K, reserved 1048576K
Event: 2522.743 GC heap after
Heap after GC invocations=28 (full 5):
 PSYoungGen      total 489984K, used 53515K [0x00000000d5580000, 0x00000000fa300000, 0x0000000100000000)
  eden space 413184K, 0% used [0x00000000d5580000,0x00000000d5580000,0x00000000ee900000)
  from space 76800K, 69% used [0x00000000ee900000,0x00000000f1d42f40,0x00000000f3400000)
  to   space 80896K, 0% used [0x00000000f5400000,0x00000000f5400000,0x00000000fa300000)
 ParOldGen       total 435712K, used 100216K [0x0000000080000000, 0x000000009a980000, 0x00000000d5580000)
  object space 435712K, 23% used [0x0000000080000000,0x00000000861de310,0x000000009a980000)
 Metaspace       used 163604K, capacity 171444K, committed 171672K, reserved 1198080K
  class space    used 21545K, capacity 23166K, committed 23216K, reserved 1048576K
}
Event: 3191.330 GC heap before
{Heap before GC invocations=29 (full 5):
 PSYoungGen      total 489984K, used 466699K [0x00000000d5580000, 0x00000000fa300000, 0x0000000100000000)
  eden space 413184K, 100% used [0x00000000d5580000,0x00000000ee900000,0x00000000ee900000)
  from space 76800K, 69% used [0x00000000ee900000,0x00000000f1d42f40,0x00000000f3400000)
  to   space 80896K, 0% used [0x00000000f5400000,0x00000000f5400000,0x00000000fa300000)
 ParOldGen       total 435712K, used 100216K [0x0000000080000000, 0x000000009a980000, 0x00000000d5580000)
  object space 435712K, 23% used [0x0000000080000000,0x00000000861de310,0x000000009a980000)
 Metaspace       used 170257K, capacity 178922K, committed 178968K, reserved 1204224K
  class space    used 22249K, capacity 24103K, committed 24112K, reserved 1048576K
Event: 3191.392 GC heap after
Heap after GC invocations=29 (full 5):
 PSYoungGen      total 516096K, used 63411K [0x00000000d5580000, 0x00000000faa00000, 0x0000000100000000)
  eden space 435200K, 0% used [0x00000000d5580000,0x00000000d5580000,0x00000000efe80000)
  from space 80896K, 78% used [0x00000000f5400000,0x00000000f91eccb8,0x00000000fa300000)
  to   space 87552K, 0% used [0x00000000efe80000,0x00000000efe80000,0x00000000f5400000)
 ParOldGen       total 435712K, used 100224K [0x0000000080000000, 0x000000009a980000, 0x00000000d5580000)
  object space 435712K, 23% used [0x0000000080000000,0x00000000861e0310,0x000000009a980000)
 Metaspace       used 170257K, capacity 178922K, committed 178968K, reserved 1204224K
  class space    used 22249K, capacity 24103K, committed 24112K, reserved 1048576K
}
Event: 3522.557 GC heap before
{Heap before GC invocations=30 (full 5):
 PSYoungGen      total 516096K, used 498611K [0x00000000d5580000, 0x00000000faa00000, 0x0000000100000000)
  eden space 435200K, 100% used [0x00000000d5580000,0x00000000efe80000,0x00000000efe80000)
  from space 80896K, 78% used [0x00000000f5400000,0x00000000f91eccb8,0x00000000fa300000)
  to   space 87552K, 0% used [0x00000000efe80000,0x00000000efe80000,0x00000000f5400000)
 ParOldGen       total 435712K, used 100224K [0x0000000080000000, 0x000000009a980000, 0x00000000d5580000)
  object space 435712K, 23% used [0x0000000080000000,0x00000000861e0310,0x000000009a980000)
 Metaspace       used 171545K, capacity 181450K, committed 181528K, reserved 1206272K
  class space    used 22471K, capacity 24581K, committed 24624K, reserved 1048576K
Event: 3522.589 GC heap after
Heap after GC invocations=30 (full 5):
 PSYoungGen      total 522752K, used 67222K [0x00000000d5580000, 0x00000000fc400000, 0x0000000100000000)
  eden space 435200K, 0% used [0x00000000d5580000,0x00000000d5580000,0x00000000efe80000)
  from space 87552K, 76% used [0x00000000efe80000,0x00000000f4025b50,0x00000000f5400000)
  to   space 94208K, 0% used [0x00000000f6800000,0x00000000f6800000,0x00000000fc400000)
 ParOldGen       total 435712K, used 100232K [0x0000000080000000, 0x000000009a980000, 0x00000000d5580000)
  object space 435712K, 23% used [0x0000000080000000,0x00000000861e2310,0x000000009a980000)
 Metaspace       used 171545K, capacity 181450K, committed 181528K, reserved 1206272K
  class space    used 22471K, capacity 24581K, committed 24624K, reserved 1048576K
}
Event: 3610.020 GC heap before
{Heap before GC invocations=31 (full 5):
 PSYoungGen      total 522752K, used 502182K [0x00000000d5580000, 0x00000000fc400000, 0x0000000100000000)
  eden space 435200K, 99% used [0x00000000d5580000,0x00000000efe43f20,0x00000000efe80000)
  from space 87552K, 76% used [0x00000000efe80000,0x00000000f4025b50,0x00000000f5400000)
  to   space 94208K, 0% used [0x00000000f6800000,0x00000000f6800000,0x00000000fc400000)
 ParOldGen       total 435712K, used 100232K [0x0000000080000000, 0x000000009a980000, 0x00000000d5580000)
  object space 435712K, 23% used [0x0000000080000000,0x00000000861e2310,0x000000009a980000)
 Metaspace       used 175628K, capacity 185710K, committed 185880K, reserved 1210368K
  class space    used 22943K, capacity 25081K, committed 25136K, reserved 1048576K
Event: 3610.094 GC heap after
Heap after GC invocations=31 (full 5):
 PSYoungGen      total 521728K, used 94201K [0x00000000d5580000, 0x00000000fec00000, 0x0000000100000000)
  eden space 427520K, 0% used [0x00000000d5580000,0x00000000d5580000,0x00000000ef700000)
  from space 94208K, 99% used [0x00000000f6800000,0x00000000fc3fe498,0x00000000fc400000)
  to   space 115712K, 0% used [0x00000000ef700000,0x00000000ef700000,0x00000000f6800000)
 ParOldGen       total 435712K, used 118099K [0x0000000080000000, 0x000000009a980000, 0x00000000d5580000)
  object space 435712K, 27% used [0x0000000080000000,0x0000000087354f10,0x000000009a980000)
 Metaspace       used 175628K, capacity 185710K, committed 185880K, reserved 1210368K
  class space    used 22943K, capacity 25081K, committed 25136K, reserved 1048576K
}
Event: 3612.702 GC heap before
{Heap before GC invocations=32 (full 5):
 PSYoungGen      total 521728K, used 521721K [0x00000000d5580000, 0x00000000fec00000, 0x0000000100000000)
  eden space 427520K, 100% used [0x00000000d5580000,0x00000000ef700000,0x00000000ef700000)
  from space 94208K, 99% used [0x00000000f6800000,0x00000000fc3fe498,0x00000000fc400000)
  to   space 115712K, 0% used [0x00000000ef700000,0x00000000ef700000,0x00000000f6800000)
 ParOldGen       total 435712K, used 118099K [0x0000000080000000, 0x000000009a980000, 0x00000000d5580000)
  object space 435712K, 27% used [0x0000000080000000,0x0000000087354f10,0x000000009a980000)
 Metaspace       used 185372K, capacity 196560K, committed 196888K, reserved 1220608K
  class space    used 24289K, capacity 26596K, committed 26672K, reserved 1048576K
Event: 3612.758 GC heap after
Heap after GC invocations=32 (full 5):
 PSYoungGen      total 543232K, used 79155K [0x00000000d5580000, 0x00000000ffe80000, 0x0000000100000000)
  eden space 427520K, 0% used [0x00000000d5580000,0x00000000d5580000,0x00000000ef700000)
  from space 115712K, 68% used [0x00000000ef700000,0x00000000f444cf08,0x00000000f6800000)
  to   space 120832K, 0% used [0x00000000f8880000,0x00000000f8880000,0x00000000ffe80000)
 ParOldGen       total 435712K, used 118107K [0x0000000080000000, 0x000000009a980000, 0x00000000d5580000)
  object space 435712K, 27% used [0x0000000080000000,0x0000000087356f10,0x000000009a980000)
 Metaspace       used 185372K, capacity 196560K, committed 196888K, reserved 1220608K
  class space    used 24289K, capacity 26596K, committed 26672K, reserved 1048576K
}

