# JRE version: OpenJDK Runtime Environment (8.0_242-b01) (build 1.8.0_242-release-1644-b01)
# Java VM: OpenJDK 64-Bit Server VM (25.242-b01 mixed mode windows-amd64 compressed oops)
Heap:
 PSYoungGen      total 516608K, used 382614K [0x00000000d5580000, 0x00000000fec80000, 0x0000000100000000)
  eden space 416768K, 77% used [0x00000000d5580000,0x00000000e8fac9c0,0x00000000eec80000)
  from space 99840K, 60% used [0x00000000eec80000,0x00000000f27f8eb0,0x00000000f4e00000)
  to   space 101888K, 0% used [0x00000000f8900000,0x00000000f8900000,0x00000000fec80000)
 ParOldGen       total 422912K, used 204283K [0x0000000080000000, 0x0000000099d00000, 0x00000000d5580000)
  object space 422912K, 48% used [0x0000000080000000,0x000000008c77ec20,0x0000000099d00000)
 Metaspace       used 122848K, capacity 129726K, committed 129920K, reserved 1161216K
  class space    used 15865K, capacity 17223K, committed 17280K, reserved 1048576K
GC Heap History (10 events):
Event: 260.104 GC heap before
{Heap before GC invocations=23 (full 4):
 PSYoungGen      total 424448K, used 376343K [0x00000000d5580000, 0x00000000f4800000, 0x0000000100000000)
  eden space 338432K, 100% used [0x00000000d5580000,0x00000000ea000000,0x00000000ea000000)
  from space 86016K, 44% used [0x00000000ef400000,0x00000000f1905ef0,0x00000000f4800000)
  to   space 86016K, 0% used [0x00000000ea000000,0x00000000ea000000,0x00000000ef400000)
 ParOldGen       total 422912K, used 163947K [0x0000000080000000, 0x0000000099d00000, 0x00000000d5580000)
  object space 422912K, 38% used [0x0000000080000000,0x000000008a01ae60,0x0000000099d00000)
 Metaspace       used 93921K, capacity 99292K, committed 100096K, reserved 1136640K
  class space    used 12567K, capacity 13621K, committed 13824K, reserved 1048576K
Event: 260.128 GC heap after
Heap after GC invocations=23 (full 4):
 PSYoungGen      total 424448K, used 18310K [0x00000000d5580000, 0x00000000f7780000, 0x0000000100000000)
  eden space 338432K, 0% used [0x00000000d5580000,0x00000000d5580000,0x00000000ea000000)
  from space 86016K, 21% used [0x00000000ea000000,0x00000000eb1e19b0,0x00000000ef400000)
  to   space 83456K, 0% used [0x00000000f2600000,0x00000000f2600000,0x00000000f7780000)
 ParOldGen       total 422912K, used 163955K [0x0000000080000000, 0x0000000099d00000, 0x00000000d5580000)
  object space 422912K, 38% used [0x0000000080000000,0x000000008a01ce60,0x0000000099d00000)
 Metaspace       used 93921K, capacity 99292K, committed 100096K, reserved 1136640K
  class space    used 12567K, capacity 13621K, committed 13824K, reserved 1048576K
}
Event: 262.577 GC heap before
{Heap before GC invocations=24 (full 4):
 PSYoungGen      total 424448K, used 356742K [0x00000000d5580000, 0x00000000f7780000, 0x0000000100000000)
  eden space 338432K, 100% used [0x00000000d5580000,0x00000000ea000000,0x00000000ea000000)
  from space 86016K, 21% used [0x00000000ea000000,0x00000000eb1e19b0,0x00000000ef400000)
  to   space 83456K, 0% used [0x00000000f2600000,0x00000000f2600000,0x00000000f7780000)
 ParOldGen       total 422912K, used 163955K [0x0000000080000000, 0x0000000099d00000, 0x00000000d5580000)
  object space 422912K, 38% used [0x0000000080000000,0x000000008a01ce60,0x0000000099d00000)
 Metaspace       used 99840K, capacity 105332K, committed 105856K, reserved 1140736K
  class space    used 13266K, capacity 14344K, committed 14464K, reserved 1048576K
Event: 262.599 GC heap after
Heap after GC invocations=24 (full 4):
 PSYoungGen      total 455168K, used 30310K [0x00000000d5580000, 0x00000000f6880000, 0x0000000100000000)
  eden space 387072K, 0% used [0x00000000d5580000,0x00000000d5580000,0x00000000ecf80000)
  from space 68096K, 44% used [0x00000000f2600000,0x00000000f4399bc0,0x00000000f6880000)
  to   space 78336K, 0% used [0x00000000ecf80000,0x00000000ecf80000,0x00000000f1c00000)
 ParOldGen       total 422912K, used 163963K [0x0000000080000000, 0x0000000099d00000, 0x00000000d5580000)
  object space 422912K, 38% used [0x0000000080000000,0x000000008a01ee60,0x0000000099d00000)
 Metaspace       used 99840K, capacity 105332K, committed 105856K, reserved 1140736K
  class space    used 13266K, capacity 14344K, committed 14464K, reserved 1048576K
}
Event: 264.466 GC heap before
{Heap before GC invocations=25 (full 4):
 PSYoungGen      total 455168K, used 417382K [0x00000000d5580000, 0x00000000f6880000, 0x0000000100000000)
  eden space 387072K, 100% used [0x00000000d5580000,0x00000000ecf80000,0x00000000ecf80000)
  from space 68096K, 44% used [0x00000000f2600000,0x00000000f4399bc0,0x00000000f6880000)
  to   space 78336K, 0% used [0x00000000ecf80000,0x00000000ecf80000,0x00000000f1c00000)
 ParOldGen       total 422912K, used 163963K [0x0000000080000000, 0x0000000099d00000, 0x00000000d5580000)
  object space 422912K, 38% used [0x0000000080000000,0x000000008a01ee60,0x0000000099d00000)
 Metaspace       used 109797K, capacity 115328K, committed 115712K, reserved 1148928K
  class space    used 14349K, capacity 15466K, committed 15616K, reserved 1048576K
Event: 264.497 GC heap after
Heap after GC invocations=25 (full 4):
 PSYoungGen      total 465408K, used 23762K [0x00000000d5580000, 0x00000000f9780000, 0x0000000100000000)
  eden space 387072K, 0% used [0x00000000d5580000,0x00000000d5580000,0x00000000ecf80000)
  from space 78336K, 30% used [0x00000000ecf80000,0x00000000ee6b49e8,0x00000000f1c00000)
  to   space 75264K, 0% used [0x00000000f4e00000,0x00000000f4e00000,0x00000000f9780000)
 ParOldGen       total 422912K, used 163971K [0x0000000080000000, 0x0000000099d00000, 0x00000000d5580000)
  object space 422912K, 38% used [0x0000000080000000,0x000000008a020e60,0x0000000099d00000)
 Metaspace       used 109797K, capacity 115328K, committed 115712K, reserved 1148928K
  class space    used 14349K, capacity 15466K, committed 15616K, reserved 1048576K
}
Event: 376.810 GC heap before
{Heap before GC invocations=26 (full 4):
 PSYoungGen      total 465408K, used 410834K [0x00000000d5580000, 0x00000000f9780000, 0x0000000100000000)
  eden space 387072K, 100% used [0x00000000d5580000,0x00000000ecf80000,0x00000000ecf80000)
  from space 78336K, 30% used [0x00000000ecf80000,0x00000000ee6b49e8,0x00000000f1c00000)
  to   space 75264K, 0% used [0x00000000f4e00000,0x00000000f4e00000,0x00000000f9780000)
 ParOldGen       total 422912K, used 163971K [0x0000000080000000, 0x0000000099d00000, 0x00000000d5580000)
  object space 422912K, 38% used [0x0000000080000000,0x000000008a020e60,0x0000000099d00000)
 Metaspace       used 116608K, capacity 122284K, committed 122624K, reserved 1155072K
  class space    used 15100K, capacity 16252K, committed 16384K, reserved 1048576K
Event: 376.870 GC heap after
Heap after GC invocations=26 (full 4):
 PSYoungGen      total 492032K, used 75242K [0x00000000d5580000, 0x00000000fbe80000, 0x0000000100000000)
  eden space 416768K, 0% used [0x00000000d5580000,0x00000000d5580000,0x00000000eec80000)
  from space 75264K, 99% used [0x00000000f4e00000,0x00000000f977aac8,0x00000000f9780000)
  to   space 99840K, 0% used [0x00000000eec80000,0x00000000eec80000,0x00000000f4e00000)
 ParOldGen       total 422912K, used 197839K [0x0000000080000000, 0x0000000099d00000, 0x00000000d5580000)
  object space 422912K, 46% used [0x0000000080000000,0x000000008c133f18,0x0000000099d00000)
 Metaspace       used 116608K, capacity 122284K, committed 122624K, reserved 1155072K
  class space    used 15100K, capacity 16252K, committed 16384K, reserved 1048576K
}
Event: 378.424 GC heap before
{Heap before GC invocations=27 (full 4):
 PSYoungGen      total 492032K, used 492010K [0x00000000d5580000, 0x00000000fbe80000, 0x0000000100000000)
  eden space 416768K, 100% used [0x00000000d5580000,0x00000000eec80000,0x00000000eec80000)
  from space 75264K, 99% used [0x00000000f4e00000,0x00000000f977aac8,0x00000000f9780000)
  to   space 99840K, 0% used [0x00000000eec80000,0x00000000eec80000,0x00000000f4e00000)
 ParOldGen       total 422912K, used 197839K [0x0000000080000000, 0x0000000099d00000, 0x00000000d5580000)
  object space 422912K, 46% used [0x0000000080000000,0x000000008c133f18,0x0000000099d00000)
 Metaspace       used 122040K, capacity 128852K, committed 129152K, reserved 1161216K
  class space    used 15814K, capacity 17162K, committed 17280K, reserved 1048576K
Event: 378.475 GC heap after
Heap after GC invocations=27 (full 4):
 PSYoungGen      total 516608K, used 60899K [0x00000000d5580000, 0x00000000fec80000, 0x0000000100000000)
  eden space 416768K, 0% used [0x00000000d5580000,0x00000000d5580000,0x00000000eec80000)
  from space 99840K, 60% used [0x00000000eec80000,0x00000000f27f8eb0,0x00000000f4e00000)
  to   space 101888K, 0% used [0x00000000f8900000,0x00000000f8900000,0x00000000fec80000)
 ParOldGen       total 422912K, used 204283K [0x0000000080000000, 0x0000000099d00000, 0x00000000d5580000)
  object space 422912K, 48% used [0x0000000080000000,0x000000008c77ec20,0x0000000099d00000)
 Metaspace       used 122040K, capacity 128852K, committed 129152K, reserved 1161216K
  class space    used 15814K, capacity 17162K, committed 17280K, reserved 1048576K
}

